2026-01-19 18:04:31,837 [INFO] Activator:176 - 


2026-01-19 18:04:31,842 [INFO] Activator:177 - !SESSION log4j initialized
2026-01-19 18:04:34,075 [INFO] LogOutputStream:77 - [STDOUT_REDIRECT] 
2026-01-19 18:04:35,759 [INFO] ApplicationProperties:184 - Using Application install path: C:\ST\STM32CubeIDE_1.16.1\STM32CubeIDE\plugins\com.st.stm32cube.common.mx_6.12.1.202409122256
2026-01-19 18:04:35,796 [INFO] DbMcusXml:78 - Set database path to: C:\ST\STM32CubeIDE_1.16.1\STM32CubeIDE\plugins\com.st.stm32cube.common.mx_6.12.1.202409122256\\db\/mcu/
2026-01-19 18:04:35,797 [INFO] ApiDb:274 - Set plugin database path to: C:\ST\STM32CubeIDE_1.16.1\STM32CubeIDE\plugins\com.st.stm32cube.common.mx_6.12.1.202409122256\\db\/plugins/boardmanager/
2026-01-19 18:04:35,798 [WARN] ApiDb:259 - Overriding images path with different value:  => C:\ST\STM32CubeIDE_1.16.1\STM32CubeIDE\plugins\com.st.stm32cube.common.mx_6.12.1.202409122256\\db\/plugins/mcufinder/images/
2026-01-19 18:04:35,807 [INFO] ApiDb:250 - Set database path to: C:\Users\amitc\.stmcufinder\plugins\mcufinder//mcu/
2026-01-19 18:04:35,808 [INFO] DbMcusAds:125 - Set database path to: C:\Users\amitc\.stmcufinder\plugins\mcufinder//mcu/
2026-01-19 18:04:35,810 [INFO] CrossReferenceDbSqlite:203 - Set database path to: C:\Users\amitc\.stmcufinder\plugins\mcufinder//mcu/cs/
2026-01-19 18:04:35,941 [INFO] RulesReader:64 - Compatibility file has been processed (297 Rules)
2026-01-19 18:04:36,019 [INFO] DbMcusXml:78 - Set database path to: C:\ST\STM32CubeIDE_1.16.1\STM32CubeIDE\plugins\com.st.stm32cube.common.mx_6.12.1.202409122256\\db\/mcu/
2026-01-19 18:04:36,019 [INFO] ApiDb:274 - Set plugin database path to: C:\ST\STM32CubeIDE_1.16.1\STM32CubeIDE\plugins\com.st.stm32cube.common.mx_6.12.1.202409122256\\db\/plugins/boardmanager/
2026-01-19 18:04:36,019 [INFO] ApiDb:261 - Set plugin images path to: C:\ST\STM32CubeIDE_1.16.1\STM32CubeIDE\plugins\com.st.stm32cube.common.mx_6.12.1.202409122256\\db\/plugins/mcufinder/images/
2026-01-19 18:04:36,019 [WARN] DbFile:41 - Overriding database path with different value: C:\Users\amitc\.stmcufinder\plugins\mcufinder/ => C:\Users\amitc\.stmcufinder\plugins\mcufinder
2026-01-19 18:04:36,020 [INFO] ApiDb:250 - Set database path to: C:\Users\amitc\.stmcufinder\plugins\mcufinder//mcu/
2026-01-19 18:04:36,020 [WARN] DbFile:41 - Overriding database path with different value: C:\Users\amitc\.stmcufinder\plugins\mcufinder/ => C:\Users\amitc\.stmcufinder\plugins\mcufinder
2026-01-19 18:04:36,020 [INFO] DbMcusAds:125 - Set database path to: C:\Users\amitc\.stmcufinder\plugins\mcufinder//mcu/
2026-01-19 18:04:36,021 [WARN] DbFile:41 - Overriding database path with different value: C:\Users\amitc\.stmcufinder\plugins\mcufinder/ => C:\Users\amitc\.stmcufinder\plugins\mcufinder
2026-01-19 18:04:36,021 [WARN] DbFile:41 - Overriding database path with different value: C:\Users\amitc\.stmcufinder\plugins\mcufinder/ => C:\Users\amitc\.stmcufinder\plugins\mcufinder
2026-01-19 18:04:36,021 [INFO] CrossReferenceDbSqlite:203 - Set database path to: C:\Users\amitc\.stmcufinder\plugins\mcufinder//mcu/cs/
2026-01-19 18:04:36,098 [INFO] MainPanel:268 - HeapMemory: 268435456
2026-01-19 18:04:36,161 [INFO] DbMcusXml:78 - Set database path to: C:\ST\STM32CubeIDE_1.16.1\STM32CubeIDE\plugins\com.st.stm32cube.common.mx_6.12.1.202409122256\\db\/mcu/
2026-01-19 18:04:36,161 [INFO] ApiDb:274 - Set plugin database path to: C:\ST\STM32CubeIDE_1.16.1\STM32CubeIDE\plugins\com.st.stm32cube.common.mx_6.12.1.202409122256\\db\/plugins/boardmanager/
2026-01-19 18:04:36,161 [INFO] ApiDb:261 - Set plugin images path to: C:\ST\STM32CubeIDE_1.16.1\STM32CubeIDE\plugins\com.st.stm32cube.common.mx_6.12.1.202409122256\\db\/plugins/mcufinder/images/
2026-01-19 18:04:36,162 [WARN] DbFile:41 - Overriding database path with different value: C:\Users\amitc\.stmcufinder\plugins\mcufinder/ => C:\Users\amitc\.stmcufinder\plugins\mcufinder
2026-01-19 18:04:36,162 [INFO] ApiDb:250 - Set database path to: C:\Users\amitc\.stmcufinder\plugins\mcufinder//mcu/
2026-01-19 18:04:36,162 [WARN] DbFile:41 - Overriding database path with different value: C:\Users\amitc\.stmcufinder\plugins\mcufinder/ => C:\Users\amitc\.stmcufinder\plugins\mcufinder
2026-01-19 18:04:36,162 [INFO] DbMcusAds:125 - Set database path to: C:\Users\amitc\.stmcufinder\plugins\mcufinder//mcu/
2026-01-19 18:04:36,162 [WARN] DbFile:41 - Overriding database path with different value: C:\Users\amitc\.stmcufinder\plugins\mcufinder/ => C:\Users\amitc\.stmcufinder\plugins\mcufinder
2026-01-19 18:04:36,162 [WARN] DbFile:41 - Overriding database path with different value: C:\Users\amitc\.stmcufinder\plugins\mcufinder/ => C:\Users\amitc\.stmcufinder\plugins\mcufinder
2026-01-19 18:04:36,162 [INFO] CrossReferenceDbSqlite:203 - Set database path to: C:\Users\amitc\.stmcufinder\plugins\mcufinder//mcu/cs/
2026-01-19 18:04:36,178 [INFO] ApplicationProperties:184 - Using Application install path: C:\ST\STM32CubeIDE_1.16.1\STM32CubeIDE\plugins\com.st.stm32cube.common.mx_6.12.1.202409122256
2026-01-19 18:04:36,179 [INFO] PluginManage:196 - Search for loadable plugins [exclusion list=, ]
2026-01-19 18:04:36,181 [INFO] PluginManage:310 - Check plugin analytics
2026-01-19 18:04:36,714 [INFO] AnalyticsPlugin:253 - Accepted Software Licenses: 
2026-01-19 18:04:36,714 [INFO] AnalyticsPlugin:255 - Accepted CMSIS Pack Licenses: 
2026-01-19 18:04:36,715 [INFO] AnalyticsPlugin:257 - Accepted Firmware Licenses: FW.H7.1.11.0,FW.G4.1.6.0
2026-01-19 18:04:36,720 [INFO] PluginManage:359 - Loaded plugin analytics (category:tool,tabindex:-1)
2026-01-19 18:04:36,722 [INFO] PluginManage:310 - Check plugin cadmodel
2026-01-19 18:04:36,728 [INFO] CADModel:105 - Init CAD model plugin
2026-01-19 18:04:36,729 [INFO] PluginManage:359 - Loaded plugin cadmodel (category:power,tabindex:5)
2026-01-19 18:04:36,729 [INFO] PluginManage:310 - Check plugin clock
2026-01-19 18:04:36,738 [INFO] PluginManage:359 - Loaded plugin clock (category:base,tabindex:2)
2026-01-19 18:04:36,738 [INFO] PluginManage:310 - Check plugin ddr
2026-01-19 18:04:36,741 [INFO] PluginManage:359 - Loaded plugin ddr (category:tool,tabindex:6)
2026-01-19 18:04:36,741 [INFO] PluginManage:310 - Check plugin filemanager
2026-01-19 18:04:36,901 [INFO] PluginManage:359 - Loaded plugin filemanager (category:base,tabindex:10)
2026-01-19 18:04:36,901 [INFO] PluginManage:310 - Check plugin ipmanager
2026-01-19 18:04:36,909 [INFO] PluginManage:359 - Loaded plugin ipmanager (category:base,tabindex:5)
2026-01-19 18:04:36,909 [INFO] PluginManage:310 - Check plugin lpbam
2026-01-19 18:04:36,917 [INFO] PluginManage:359 - Loaded plugin lpbam (category:base,tabindex:0)
2026-01-19 18:04:36,918 [INFO] PluginManage:310 - Check plugin memorymap
2026-01-19 18:04:36,931 [INFO] PluginManage:359 - Loaded plugin memorymap (category:base,tabindex:4)
2026-01-19 18:04:36,931 [INFO] PluginManage:310 - Check plugin pinoutandconfiguration
2026-01-19 18:04:36,938 [INFO] PluginManage:359 - Loaded plugin pinoutandconfiguration (category:base,tabindex:1)
2026-01-19 18:04:36,938 [INFO] PluginManage:310 - Check plugin pinoutconfig
2026-01-19 18:04:37,021 [WARN] SupportedApi:132 - Cannot load RTOS API schema: s4s-elt-must-match.1: The content of 'definitions' must match (annotation?, (simpleType | complexType)?, (unique | key | keyref)*)). A problem was found starting at: attribute.
2026-01-19 18:04:37,168 [INFO] PluginManage:359 - Loaded plugin pinoutconfig (category:base,tabindex:0)
2026-01-19 18:04:37,168 [INFO] PluginManage:310 - Check plugin power
2026-01-19 18:04:37,175 [INFO] PluginManage:359 - Loaded plugin power (category:power,tabindex:4)
2026-01-19 18:04:37,175 [INFO] PluginManage:310 - Check plugin projectmanager
2026-01-19 18:04:37,192 [INFO] PluginManage:359 - Loaded plugin projectmanager (category:projectmanager,tabindex:4)
2026-01-19 18:04:37,192 [INFO] PluginManage:310 - Check plugin rif
2026-01-19 18:04:37,198 [INFO] PluginManage:359 - Loaded plugin rif (category:base,tabindex:3)
2026-01-19 18:04:37,198 [INFO] PluginManage:310 - Check plugin thirdparty
2026-01-19 18:04:37,343 [WARN] IntegrityCheckThread:84 - waiting for thirdparty lock release [integrity check]
2026-01-19 18:04:37,344 [INFO] IntegrityCheckThread:86 - entering critical section [integrity check]
2026-01-19 18:04:37,345 [INFO] PluginManage:359 - Loaded plugin thirdparty (category:base,tabindex:-1)
2026-01-19 18:04:37,345 [INFO] ThirdPartyUpdaterWithRetryManager:70 - Updater plugin not ready yet. [1/15]
2026-01-19 18:04:37,345 [INFO] PluginManage:310 - Check plugin tools
2026-01-19 18:04:37,349 [INFO] PluginManage:359 - Loaded plugin tools (category:base,tabindex:7)
2026-01-19 18:04:37,349 [INFO] PluginManage:310 - Check plugin tutovideos
2026-01-19 18:04:37,532 [INFO] PluginManage:359 - Loaded plugin tutovideos (category:base,tabindex:-1)
2026-01-19 18:04:37,532 [INFO] PluginManage:310 - Check plugin updater
2026-01-19 18:04:37,551 [INFO] PluginManage:359 - Loaded plugin updater (category:base,tabindex:12)
2026-01-19 18:04:37,551 [INFO] PluginManage:310 - Check plugin userauth
2026-01-19 18:04:37,556 [INFO] UserAuth:113 - Init User Auth plugin
2026-01-19 18:04:37,556 [INFO] PluginManage:359 - Loaded plugin userauth (category:base,tabindex:14)
2026-01-19 18:04:37,557 [INFO] PluginManage:283 - PluginManage : Loaded plugins [18]
2026-01-19 18:04:37,757 [INFO] PinOutPanel:1561 - setPackage(No Configuration,No Configuration)
2026-01-19 18:04:37,833 [INFO] CADModel:165 - CPN selected for project level
2026-01-19 18:04:37,833 [INFO] CADModel:114 - Register for checkConnection events
2026-01-19 18:04:37,849 [INFO] IPUIPlugin:80 - create IPUIPlugin
2026-01-19 18:04:37,849 [INFO] PluginManager:220 - loadIPPluginJar : add adc
2026-01-19 18:04:37,851 [INFO] IPUIPlugin:80 - create IPUIPlugin
2026-01-19 18:04:37,852 [INFO] PluginManager:220 - loadIPPluginJar : add aes
2026-01-19 18:04:37,854 [INFO] IPUIPlugin:80 - create IPUIPlugin
2026-01-19 18:04:37,854 [INFO] PluginManager:220 - loadIPPluginJar : add can
2026-01-19 18:04:37,856 [INFO] IPUIPlugin:80 - create IPUIPlugin
2026-01-19 18:04:37,856 [INFO] PluginManager:220 - loadIPPluginJar : add comp
2026-01-19 18:04:37,858 [INFO] IPUIPlugin:80 - create IPUIPlugin
2026-01-19 18:04:37,858 [INFO] PluginManager:220 - loadIPPluginJar : add cryp
2026-01-19 18:04:37,862 [INFO] IPUIPlugin:80 - create IPUIPlugin
2026-01-19 18:04:37,863 [INFO] PluginManager:220 - loadIPPluginJar : add ddr_ctrl_phy
2026-01-19 18:04:37,866 [INFO] IPUIPlugin:80 - create IPUIPlugin
2026-01-19 18:04:37,866 [INFO] PluginManager:220 - loadIPPluginJar : add dfsdm
2026-01-19 18:04:37,872 [INFO] IPUIPlugin:80 - create IPUIPlugin
2026-01-19 18:04:37,872 [INFO] PluginManager:220 - loadIPPluginJar : add dma
2026-01-19 18:04:37,877 [INFO] IPUIPlugin:80 - create IPUIPlugin
2026-01-19 18:04:37,877 [INFO] PluginManager:220 - loadIPPluginJar : add dma3
2026-01-19 18:04:37,880 [INFO] IPUIPlugin:80 - create IPUIPlugin
2026-01-19 18:04:37,880 [INFO] PluginManager:220 - loadIPPluginJar : add extmemmanager
2026-01-19 18:04:37,881 [INFO] IPUIPlugin:80 - create IPUIPlugin
2026-01-19 18:04:37,881 [INFO] PluginManager:220 - loadIPPluginJar : add fatfs
2026-01-19 18:04:37,886 [INFO] IPUIPlugin:80 - create IPUIPlugin
2026-01-19 18:04:37,886 [INFO] PluginManager:220 - loadIPPluginJar : add fmc
2026-01-19 18:04:37,894 [INFO] IPUIPlugin:80 - create IPUIPlugin
2026-01-19 18:04:37,894 [INFO] PluginManager:220 - loadIPPluginJar : add freertos
2026-01-19 18:04:37,895 [INFO] IPUIPlugin:80 - create IPUIPlugin
2026-01-19 18:04:37,895 [INFO] PluginManager:220 - loadIPPluginJar : add genericplugin
2026-01-19 18:04:37,897 [INFO] IPUIPlugin:80 - create IPUIPlugin
2026-01-19 18:04:37,897 [INFO] PluginManager:220 - loadIPPluginJar : add gfxmmu
2026-01-19 18:04:37,901 [INFO] IPUIPlugin:80 - create IPUIPlugin
2026-01-19 18:04:37,902 [INFO] PluginManager:220 - loadIPPluginJar : add gic
2026-01-19 18:04:37,905 [INFO] IPUIPlugin:80 - create IPUIPlugin
2026-01-19 18:04:37,905 [INFO] PluginManager:220 - loadIPPluginJar : add gpio
2026-01-19 18:04:37,907 [INFO] IPUIPlugin:80 - create IPUIPlugin
2026-01-19 18:04:37,907 [INFO] PluginManager:220 - loadIPPluginJar : add gtzc
2026-01-19 18:04:37,909 [INFO] IPUIPlugin:80 - create IPUIPlugin
2026-01-19 18:04:37,909 [INFO] PluginManager:220 - loadIPPluginJar : add hash
2026-01-19 18:04:37,911 [INFO] IPUIPlugin:80 - create IPUIPlugin
2026-01-19 18:04:37,911 [INFO] PluginManager:220 - loadIPPluginJar : add i2c
2026-01-19 18:04:37,916 [INFO] IPUIPlugin:80 - create IPUIPlugin
2026-01-19 18:04:37,917 [INFO] PluginManager:220 - loadIPPluginJar : add i2s
2026-01-19 18:04:37,919 [INFO] IPUIPlugin:80 - create IPUIPlugin
2026-01-19 18:04:37,919 [INFO] PluginManager:220 - loadIPPluginJar : add i3c
2026-01-19 18:04:37,923 [INFO] IPUIPlugin:80 - create IPUIPlugin
2026-01-19 18:04:37,923 [INFO] PluginManager:220 - loadIPPluginJar : add ipddr
2026-01-19 18:04:37,931 [INFO] IPUIPlugin:80 - create IPUIPlugin
2026-01-19 18:04:37,932 [INFO] PluginManager:220 - loadIPPluginJar : add linkedlist
2026-01-19 18:04:37,935 [INFO] IPUIPlugin:80 - create IPUIPlugin
2026-01-19 18:04:37,935 [INFO] PluginManager:220 - loadIPPluginJar : add lorawan
2026-01-19 18:04:37,936 [INFO] IPUIPlugin:80 - create IPUIPlugin
2026-01-19 18:04:37,936 [INFO] PluginManager:220 - loadIPPluginJar : add ltdc
2026-01-19 18:04:37,944 [INFO] IPUIPlugin:80 - create IPUIPlugin
2026-01-19 18:04:37,944 [INFO] PluginManager:220 - loadIPPluginJar : add mdma
2026-01-19 18:04:37,947 [INFO] IPUIPlugin:80 - create IPUIPlugin
2026-01-19 18:04:37,947 [INFO] PluginManager:220 - loadIPPluginJar : add nvic
2026-01-19 18:04:37,949 [INFO] IPUIPlugin:80 - create IPUIPlugin
2026-01-19 18:04:37,949 [INFO] PluginManager:220 - loadIPPluginJar : add opamp
2026-01-19 18:04:37,954 [INFO] IPUIPlugin:80 - create IPUIPlugin
2026-01-19 18:04:37,954 [INFO] PluginManager:220 - loadIPPluginJar : add openamp
2026-01-19 18:04:37,957 [INFO] IPUIPlugin:80 - create IPUIPlugin
2026-01-19 18:04:37,957 [INFO] PluginManager:220 - loadIPPluginJar : add pdm2pcm
2026-01-19 18:04:37,961 [INFO] IPUIPlugin:80 - create IPUIPlugin
2026-01-19 18:04:37,962 [INFO] PluginManager:220 - loadIPPluginJar : add plateformsettings
2026-01-19 18:04:37,964 [INFO] IPUIPlugin:80 - create IPUIPlugin
2026-01-19 18:04:37,964 [INFO] PluginManager:220 - loadIPPluginJar : add quadspi
2026-01-19 18:04:37,965 [INFO] IPUIPlugin:80 - create IPUIPlugin
2026-01-19 18:04:37,965 [INFO] PluginManager:220 - loadIPPluginJar : add radio
2026-01-19 18:04:37,968 [INFO] IPUIPlugin:80 - create IPUIPlugin
2026-01-19 18:04:37,968 [INFO] PluginManager:220 - loadIPPluginJar : add resmgrutility
2026-01-19 18:04:37,970 [INFO] IPUIPlugin:80 - create IPUIPlugin
2026-01-19 18:04:37,970 [INFO] PluginManager:220 - loadIPPluginJar : add sai
2026-01-19 18:04:37,973 [INFO] IPUIPlugin:80 - create IPUIPlugin
2026-01-19 18:04:37,973 [INFO] PluginManager:220 - loadIPPluginJar : add spi
2026-01-19 18:04:37,976 [INFO] IPUIPlugin:80 - create IPUIPlugin
2026-01-19 18:04:37,976 [INFO] PluginManager:220 - loadIPPluginJar : add stm32_wpan
2026-01-19 18:04:37,978 [INFO] IPUIPlugin:80 - create IPUIPlugin
2026-01-19 18:04:37,978 [INFO] PluginManager:220 - loadIPPluginJar : add tim
2026-01-19 18:04:37,980 [INFO] IPUIPlugin:80 - create IPUIPlugin
2026-01-19 18:04:37,981 [INFO] PluginManager:220 - loadIPPluginJar : add touchsensing
2026-01-19 18:04:37,982 [INFO] IPUIPlugin:80 - create IPUIPlugin
2026-01-19 18:04:37,982 [INFO] PluginManager:220 - loadIPPluginJar : add tracer_emb
2026-01-19 18:04:37,983 [INFO] IPUIPlugin:80 - create IPUIPlugin
2026-01-19 18:04:37,983 [INFO] PluginManager:220 - loadIPPluginJar : add ts
2026-01-19 18:04:37,986 [INFO] IPUIPlugin:80 - create IPUIPlugin
2026-01-19 18:04:37,987 [INFO] PluginManager:220 - loadIPPluginJar : add tsc
2026-01-19 18:04:37,989 [INFO] IPUIPlugin:80 - create IPUIPlugin
2026-01-19 18:04:37,989 [INFO] PluginManager:220 - loadIPPluginJar : add ucpd
2026-01-19 18:04:37,991 [INFO] IPUIPlugin:80 - create IPUIPlugin
2026-01-19 18:04:37,991 [INFO] PluginManager:220 - loadIPPluginJar : add usart
2026-01-19 18:04:37,993 [INFO] IPUIPlugin:80 - create IPUIPlugin
2026-01-19 18:04:37,993 [INFO] PluginManager:220 - loadIPPluginJar : add usbx
2026-01-19 18:04:38,114 [INFO] CADModel:165 - CPN selected for project level
2026-01-19 18:04:38,114 [INFO] CADModel:114 - Register for checkConnection events
2026-01-19 18:04:38,114 [FATAL] Updater:334 - Updater called before beeing initialized
2026-01-19 18:04:38,114 [ERROR] CADModel:125 - Updater not yet initialized, retry later 
2026-01-19 18:04:38,239 [INFO] CADModel:165 - CPN selected for project level
2026-01-19 18:04:38,239 [INFO] CADModel:114 - Register for checkConnection events
2026-01-19 18:04:38,239 [FATAL] Updater:334 - Updater called before beeing initialized
2026-01-19 18:04:38,239 [ERROR] CADModel:125 - Updater not yet initialized, retry later 
2026-01-19 18:04:38,245 [FATAL] Updater:334 - Updater called before beeing initialized
2026-01-19 18:04:38,365 [FATAL] Updater:334 - Updater called before beeing initialized
2026-01-19 18:04:38,368 [INFO] DbMcusAds:53 - JSON generation date=Tue Dec 16 01:11:46 IST 2025 (1765840306612)
2026-01-19 18:04:38,368 [FATAL] Updater:334 - Updater called before beeing initialized
2026-01-19 18:04:38,391 [WARN] DetailPanel:346 - Failed to get advertising image, set to default
2026-01-19 18:04:38,453 [FATAL] Updater:334 - Updater called before beeing initialized
2026-01-19 18:04:38,455 [FATAL] Updater:334 - Updater called before beeing initialized
2026-01-19 18:04:38,456 [FATAL] Updater:334 - Updater called before beeing initialized
2026-01-19 18:04:38,456 [WARN] DetailPanel:346 - Failed to get advertising image, set to default
2026-01-19 18:04:38,456 [FATAL] Updater:334 - Updater called before beeing initialized
2026-01-19 18:04:38,511 [ERROR] Updater:1164 - MainUpdater not yet initialized. External WinMGr cannot be set.
2026-01-19 18:04:38,516 [INFO] Updater:1100 - Updater Version found : 6.12.1
2026-01-19 18:04:38,538 [INFO] ApplicationProperties:184 - Using Application install path: C:\ST\STM32CubeIDE_1.16.1\STM32CubeIDE\plugins\com.st.stm32cube.common.mx_6.12.1.202409122256
2026-01-19 18:04:40,113 [ERROR] LogOutputStream:75 - [STDERR_REDIRECT] Jan 19, 2026 6:04:40 PM java.util.prefs.WindowsPreferences <init>
2026-01-19 18:04:40,114 [ERROR] LogOutputStream:75 - [STDERR_REDIRECT] WARNING: Could not open/create prefs root node Software\JavaSoft\Prefs at root 0xffffffff80000002. Windows RegCreateKeyEx(...) returned error code 5.
2026-01-19 18:04:40,114 [ERROR] LogOutputStream:75 - [STDERR_REDIRECT] 
2026-01-19 18:04:40,346 [INFO] ThirdPartyUpdaterWithRetryManager:70 - Updater plugin not ready yet. [2/15]
2026-01-19 18:04:41,231 [INFO] MainUpdater:2873 - connection check result : 10
2026-01-19 18:04:41,232 [INFO] MainUpdater:290 - Updater Check For Update Now.
2026-01-19 18:04:41,232 [INFO] MicroXplorer:498 - Change Database Version : DB.6.0.121
2026-01-19 18:04:41,350 [ERROR] LogOutputStream:75 - [STDERR_REDIRECT] 
2026-01-19 18:04:56,659 [INFO] Activator:176 - 


2026-01-19 18:04:56,659 [INFO] Activator:177 - !SESSION log4j initialized
2026-01-19 18:04:59,370 [INFO] LogOutputStream:77 - [STDOUT_REDIRECT] 
2026-01-19 19:39:57,056 [INFO] Activator:176 - 


2026-01-19 19:39:57,060 [INFO] Activator:177 - !SESSION log4j initialized
